<?xml version="1.0" encoding="UTF-8"?>
<!-- Generated by org.testng.reporters.JUnitReportReporter -->
<testsuite hostname="DESKTOP-UV8SPU0" failures="0" tests="2" name="testCases.TC002_LoginTest" time="7.653" errors="0" timestamp="2025-08-07T20:03:19 IST" skipped="0">
  <testcase classname="testCases.TC002_LoginTest" name="verify_Login" time="4.031"/>
  <testcase classname="testCases.TC002_LoginTest" name="verify_Login" time="3.622"/>
</testsuite> <!-- testCases.TC002_LoginTest -->
