<?xml version="1.0" encoding="UTF-8"?>
<!-- Generated by org.testng.reporters.JUnitReportReporter -->
<testsuite hostname="DESKTOP-UV8SPU0" failures="0" tests="5" name="testCases.TC003_LoginDDT" time="33.983" errors="0" timestamp="2025-08-07T11:47:05 IST" skipped="0">
  <testcase classname="testCases.TC003_LoginDDT" name="verify_LoginDDT" time="3.805"/>
  <testcase classname="testCases.TC003_LoginDDT" name="verify_LoginDDT" time="4.379"/>
  <testcase classname="testCases.TC003_LoginDDT" name="verify_LoginDDT" time="9.607"/>
  <testcase classname="testCases.TC003_LoginDDT" name="verify_LoginDDT" time="4.243"/>
  <testcase classname="testCases.TC003_LoginDDT" name="verify_LoginDDT" time="11.949"/>
</testsuite> <!-- testCases.TC003_LoginDDT -->
