<?xml version="1.0" encoding="UTF-8"?>
<!-- Generated by org.testng.reporters.JUnitReportReporter -->
<testsuite hostname="DESKTOP-UV8SPU0" failures="0" tests="1" name="testCases.TC002_LoginTest" time="3.135" errors="0" timestamp="2025-08-08T14:07:02 IST" skipped="0">
  <testcase classname="testCases.TC002_LoginTest" name="verify_Login" time="3.135"/>
</testsuite> <!-- testCases.TC002_LoginTest -->
