<?xml version="1.0" encoding="UTF-8"?>
<!-- Generated by org.testng.reporters.JUnitReportReporter -->
<testsuite hostname="DESKTOP-UV8SPU0" failures="0" tests="1" name="testCases.TC001_AccountRegistrationTest" time="5.621" errors="0" timestamp="2025-08-08T14:07:02 IST" skipped="0">
  <testcase classname="testCases.TC001_AccountRegistrationTest" name="verify_Account_Registration" time="5.621"/>
</testsuite> <!-- testCases.TC001_AccountRegistrationTest -->
